0 verbose cli /Users/tharakasenevirathne/.nvm/versions/node/v22.14.0/bin/node /Users/tharakasenevirathne/.nvm/versions/node/v22.14.0/bin/npm
1 info using npm@11.2.0
2 info using node@v22.14.0
3 silly config load:file:/Users/tharakasenevirathne/.nvm/versions/node/v22.14.0/lib/node_modules/npm/npmrc
4 silly config load:file:/Users/tharakasenevirathne/darwin-dine/darwin-dine-site/.npmrc
5 silly config load:file:/Users/tharakasenevirathne/.npmrc
6 silly config load:file:/Users/tharakasenevirathne/.nvm/versions/node/v22.14.0/etc/npmrc
7 verbose title npm i framer-motion lucide-react clsx
8 verbose argv "i" "framer-motion" "lucide-react" "clsx"
9 verbose logfile logs-max:10 dir:/Users/tharakasenevirathne/darwin-dine/darwin-dine-site/.npm-cache/_logs/2025-10-31T05_12_13_634Z-
10 verbose logfile /Users/tharakasenevirathne/darwin-dine/darwin-dine-site/.npm-cache/_logs/2025-10-31T05_12_13_634Z-debug-0.log
11 silly logfile done cleaning log files
12 silly packumentCache heap:4345298944 maxSize:1086324736 maxEntrySize:543162368
13 silly idealTree buildDeps
14 silly fetch manifest framer-motion@*
15 silly packumentCache full:https://registry.npmjs.org/framer-motion cache-miss
16 http fetch GET 200 https://registry.npmjs.org/npm 517ms
17 http fetch GET 200 https://registry.npmjs.org/framer-motion 874ms (cache miss)
18 silly packumentCache full:https://registry.npmjs.org/framer-motion set size:undefined disposed:false
19 silly fetch manifest @emotion/is-prop-valid@*
20 silly packumentCache full:https://registry.npmjs.org/@emotion%2fis-prop-valid cache-miss
21 http fetch GET 200 https://registry.npmjs.org/@emotion%2fis-prop-valid 137ms (cache miss)
22 silly packumentCache full:https://registry.npmjs.org/@emotion%2fis-prop-valid set size:undefined disposed:false
23 silly fetch manifest react@19.2.0
24 silly packumentCache full:https://registry.npmjs.org/react cache-miss
25 http fetch GET 200 https://registry.npmjs.org/react 583ms (cache miss)
26 silly packumentCache full:https://registry.npmjs.org/react set size:undefined disposed:false
27 silly fetch manifest react-dom@19.2.0
28 silly packumentCache full:https://registry.npmjs.org/react-dom cache-miss
29 http fetch GET 200 https://registry.npmjs.org/react-dom 582ms (cache miss)
30 silly packumentCache full:https://registry.npmjs.org/react-dom set size:undefined disposed:false
31 silly fetch manifest lucide-react@*
32 silly packumentCache full:https://registry.npmjs.org/lucide-react cache-miss
33 http fetch GET 200 https://registry.npmjs.org/lucide-react 260ms (cache miss)
34 silly packumentCache full:https://registry.npmjs.org/lucide-react set size:undefined disposed:false
35 silly fetch manifest clsx@*
36 silly packumentCache full:https://registry.npmjs.org/clsx cache-miss
37 http fetch GET 200 https://registry.npmjs.org/clsx 105ms (cache miss)
38 silly packumentCache full:https://registry.npmjs.org/clsx set size:undefined disposed:false
39 silly placeDep ROOT clsx@2.1.1 OK for: darwin-dine-site@0.1.0 want: *
40 silly placeDep ROOT framer-motion@12.23.24 OK for: darwin-dine-site@0.1.0 want: *
41 silly placeDep ROOT lucide-react@0.548.0 OK for: darwin-dine-site@0.1.0 want: *
42 silly fetch manifest motion-dom@^12.23.23
43 silly packumentCache full:https://registry.npmjs.org/motion-dom cache-miss
44 silly fetch manifest motion-utils@^12.23.6
45 silly packumentCache full:https://registry.npmjs.org/motion-utils cache-miss
46 http fetch GET 200 https://registry.npmjs.org/motion-utils 110ms (cache miss)
47 silly packumentCache full:https://registry.npmjs.org/motion-utils set size:undefined disposed:false
48 http fetch GET 200 https://registry.npmjs.org/motion-dom 135ms (cache miss)
49 silly packumentCache full:https://registry.npmjs.org/motion-dom set size:undefined disposed:false
50 silly placeDep ROOT motion-dom@12.23.23 OK for: framer-motion@12.23.24 want: ^12.23.23
51 silly placeDep ROOT motion-utils@12.23.6 OK for: framer-motion@12.23.24 want: ^12.23.6
52 silly reify moves {}
53 verbose reify failed optional dependency /Users/tharakasenevirathne/darwin-dine/darwin-dine-site/node_modules/@tailwindcss/oxide-wasm32-wasi
54 silly reify mark deleted [
54 silly reify   '/Users/tharakasenevirathne/darwin-dine/darwin-dine-site/node_modules/@tailwindcss/oxide-wasm32-wasi'
54 silly reify ]
55 silly audit bulk request {
55 silly audit   '@alloc/quick-lru': [ '5.2.0' ],
55 silly audit   '@babel/code-frame': [ '7.27.1' ],
55 silly audit   '@babel/compat-data': [ '7.28.5' ],
55 silly audit   '@babel/core': [ '7.28.5' ],
55 silly audit   '@babel/generator': [ '7.28.5' ],
55 silly audit   '@babel/helper-compilation-targets': [ '7.27.2' ],
55 silly audit   '@babel/helper-globals': [ '7.28.0' ],
55 silly audit   '@babel/helper-module-imports': [ '7.27.1' ],
55 silly audit   '@babel/helper-module-transforms': [ '7.28.3' ],
55 silly audit   '@babel/helper-string-parser': [ '7.27.1' ],
55 silly audit   '@babel/helper-validator-identifier': [ '7.28.5' ],
55 silly audit   '@babel/helper-validator-option': [ '7.27.1' ],
55 silly audit   '@babel/helpers': [ '7.28.4' ],
55 silly audit   '@babel/parser': [ '7.28.5' ],
55 silly audit   '@babel/template': [ '7.27.2' ],
55 silly audit   '@babel/traverse': [ '7.28.5' ],
55 silly audit   '@babel/types': [ '7.28.5' ],
55 silly audit   '@emnapi/core': [ '1.6.0' ],
55 silly audit   '@emnapi/runtime': [ '1.6.0' ],
55 silly audit   '@emnapi/wasi-threads': [ '1.1.0' ],
55 silly audit   '@eslint-community/eslint-utils': [ '4.9.0' ],
55 silly audit   'eslint-visitor-keys': [ '3.4.3', '4.2.1' ],
55 silly audit   '@eslint-community/regexpp': [ '4.12.2' ],
55 silly audit   '@eslint/config-array': [ '0.21.1' ],
55 silly audit   '@eslint/config-helpers': [ '0.4.2' ],
55 silly audit   '@eslint/core': [ '0.17.0', '0.16.0' ],
55 silly audit   '@eslint/eslintrc': [ '3.3.1' ],
55 silly audit   '@eslint/js': [ '9.38.0' ],
55 silly audit   '@eslint/object-schema': [ '2.1.7' ],
55 silly audit   '@eslint/plugin-kit': [ '0.4.1' ],
55 silly audit   '@humanfs/core': [ '0.19.1' ],
55 silly audit   '@humanfs/node': [ '0.16.7' ],
55 silly audit   '@humanwhocodes/module-importer': [ '1.0.1' ],
55 silly audit   '@humanwhocodes/retry': [ '0.4.3' ],
55 silly audit   '@img/colour': [ '1.0.0' ],
55 silly audit   '@img/sharp-darwin-arm64': [ '0.34.4' ],
55 silly audit   '@img/sharp-darwin-x64': [ '0.34.4' ],
55 silly audit   '@img/sharp-libvips-darwin-arm64': [ '1.2.3' ],
55 silly audit   '@img/sharp-libvips-darwin-x64': [ '1.2.3' ],
55 silly audit   '@img/sharp-libvips-linux-arm': [ '1.2.3' ],
55 silly audit   '@img/sharp-libvips-linux-arm64': [ '1.2.3' ],
55 silly audit   '@img/sharp-libvips-linux-ppc64': [ '1.2.3' ],
55 silly audit   '@img/sharp-libvips-linux-s390x': [ '1.2.3' ],
55 silly audit   '@img/sharp-libvips-linux-x64': [ '1.2.3' ],
55 silly audit   '@img/sharp-libvips-linuxmusl-arm64': [ '1.2.3' ],
55 silly audit   '@img/sharp-libvips-linuxmusl-x64': [ '1.2.3' ],
55 silly audit   '@img/sharp-linux-arm': [ '0.34.4' ],
55 silly audit   '@img/sharp-linux-arm64': [ '0.34.4' ],
55 silly audit   '@img/sharp-linux-ppc64': [ '0.34.4' ],
55 silly audit   '@img/sharp-linux-s390x': [ '0.34.4' ],
55 silly audit   '@img/sharp-linux-x64': [ '0.34.4' ],
55 silly audit   '@img/sharp-linuxmusl-arm64': [ '0.34.4' ],
55 silly audit   '@img/sharp-linuxmusl-x64': [ '0.34.4' ],
55 silly audit   '@img/sharp-wasm32': [ '0.34.4' ],
55 silly audit   '@img/sharp-win32-arm64': [ '0.34.4' ],
55 silly audit   '@img/sharp-win32-ia32': [ '0.34.4' ],
55 silly audit   '@img/sharp-win32-x64': [ '0.34.4' ],
55 silly audit   '@jridgewell/gen-mapping': [ '0.3.13' ],
55 silly audit   '@jridgewell/remapping': [ '2.3.5' ],
55 silly audit   '@jridgewell/resolve-uri': [ '3.1.2' ],
55 silly audit   '@jridgewell/sourcemap-codec': [ '1.5.5' ],
55 silly audit   '@jridgewell/trace-mapping': [ '0.3.31' ],
55 silly audit   '@napi-rs/wasm-runtime': [ '0.2.12' ],
55 silly audit   '@next/env': [ '16.0.1' ],
55 silly audit   '@next/eslint-plugin-next': [ '16.0.1' ],
55 silly audit   '@next/swc-darwin-arm64': [ '16.0.1' ],
55 silly audit   '@next/swc-darwin-x64': [ '16.0.1' ],
55 silly audit   '@next/swc-linux-arm64-gnu': [ '16.0.1' ],
55 silly audit   '@next/swc-linux-arm64-musl': [ '16.0.1' ],
55 silly audit   '@next/swc-linux-x64-gnu': [ '16.0.1' ],
55 silly audit   '@next/swc-linux-x64-musl': [ '16.0.1' ],
55 silly audit   '@next/swc-win32-arm64-msvc': [ '16.0.1' ],
55 silly audit   '@next/swc-win32-x64-msvc': [ '16.0.1' ],
55 silly audit   '@nodelib/fs.scandir': [ '2.1.5' ],
55 silly audit   '@nodelib/fs.stat': [ '2.0.5' ],
55 silly audit   '@nodelib/fs.walk': [ '1.2.8' ],
55 silly audit   '@nolyfill/is-core-module': [ '1.0.39' ],
55 silly audit   '@rtsao/scc': [ '1.1.0' ],
55 silly audit   '@swc/helpers': [ '0.5.15' ],
55 silly audit   '@tailwindcss/node': [ '4.1.16' ],
55 silly audit   '@tailwindcss/oxide': [ '4.1.16' ],
55 silly audit   '@tailwindcss/oxide-android-arm64': [ '4.1.16' ],
55 silly audit   '@tailwindcss/oxide-darwin-arm64': [ '4.1.16' ],
55 silly audit   '@tailwindcss/oxide-darwin-x64': [ '4.1.16' ],
55 silly audit   '@tailwindcss/oxide-freebsd-x64': [ '4.1.16' ],
55 silly audit   '@tailwindcss/oxide-linux-arm-gnueabihf': [ '4.1.16' ],
55 silly audit   '@tailwindcss/oxide-linux-arm64-gnu': [ '4.1.16' ],
55 silly audit   '@tailwindcss/oxide-linux-arm64-musl': [ '4.1.16' ],
55 silly audit   '@tailwindcss/oxide-linux-x64-gnu': [ '4.1.16' ],
55 silly audit   '@tailwindcss/oxide-linux-x64-musl': [ '4.1.16' ],
55 silly audit   '@tailwindcss/oxide-win32-arm64-msvc': [ '4.1.16' ],
55 silly audit   '@tailwindcss/oxide-win32-x64-msvc': [ '4.1.16' ],
55 silly audit   '@tailwindcss/postcss': [ '4.1.16' ],
55 silly audit   '@tybys/wasm-util': [ '0.10.1' ],
55 silly audit   '@types/estree': [ '1.0.8' ],
55 silly audit   '@types/json-schema': [ '7.0.15' ],
55 silly audit   '@types/json5': [ '0.0.29' ],
55 silly audit   '@types/node': [ '20.19.24' ],
55 silly audit   '@types/react': [ '19.2.2' ],
55 silly audit   '@types/react-dom': [ '19.2.2' ],
55 silly audit   '@typescript-eslint/eslint-plugin': [ '8.46.2' ],
55 silly audit   ignore: [ '7.0.5', '5.3.2' ],
55 silly audit   '@typescript-eslint/parser': [ '8.46.2' ],
55 silly audit   '@typescript-eslint/project-service': [ '8.46.2' ],
55 silly audit   '@typescript-eslint/scope-manager': [ '8.46.2' ],
55 silly audit   '@typescript-eslint/tsconfig-utils': [ '8.46.2' ],
55 silly audit   '@typescript-eslint/type-utils': [ '8.46.2' ],
55 silly audit   '@typescript-eslint/types': [ '8.46.2' ],
55 silly audit   '@typescript-eslint/typescript-estree': [ '8.46.2' ],
55 silly audit   'brace-expansion': [ '2.0.2', '1.1.12' ],
55 silly audit   'fast-glob': [ '3.3.3', '3.3.1' ],
55 silly audit   'glob-parent': [ '5.1.2', '6.0.2' ],
55 silly audit   minimatch: [ '9.0.5', '3.1.2' ],
55 silly audit   semver: [ '7.7.3', '6.3.1' ],
55 silly audit   '@typescript-eslint/utils': [ '8.46.2' ],
55 silly audit   '@typescript-eslint/visitor-keys': [ '8.46.2' ],
55 silly audit   '@unrs/resolver-binding-android-arm-eabi': [ '1.11.1' ],
55 silly audit   '@unrs/resolver-binding-android-arm64': [ '1.11.1' ],
55 silly audit   '@unrs/resolver-binding-darwin-arm64': [ '1.11.1' ],
55 silly audit   '@unrs/resolver-binding-darwin-x64': [ '1.11.1' ],
55 silly audit   '@unrs/resolver-binding-freebsd-x64': [ '1.11.1' ],
55 silly audit   '@unrs/resolver-binding-linux-arm-gnueabihf': [ '1.11.1' ],
55 silly audit   '@unrs/resolver-binding-linux-arm-musleabihf': [ '1.11.1' ],
55 silly audit   '@unrs/resolver-binding-linux-arm64-gnu': [ '1.11.1' ],
55 silly audit   '@unrs/resolver-binding-linux-arm64-musl': [ '1.11.1' ],
55 silly audit   '@unrs/resolver-binding-linux-ppc64-gnu': [ '1.11.1' ],
55 silly audit   '@unrs/resolver-binding-linux-riscv64-gnu': [ '1.11.1' ],
55 silly audit   '@unrs/resolver-binding-linux-riscv64-musl': [ '1.11.1' ],
55 silly audit   '@unrs/resolver-binding-linux-s390x-gnu': [ '1.11.1' ],
55 silly audit   '@unrs/resolver-binding-linux-x64-gnu': [ '1.11.1' ],
55 silly audit   '@unrs/resolver-binding-linux-x64-musl': [ '1.11.1' ],
55 silly audit   '@unrs/resolver-binding-wasm32-wasi': [ '1.11.1' ],
55 silly audit   '@unrs/resolver-binding-win32-arm64-msvc': [ '1.11.1' ],
55 silly audit   '@unrs/resolver-binding-win32-ia32-msvc': [ '1.11.1' ],
55 silly audit   '@unrs/resolver-binding-win32-x64-msvc': [ '1.11.1' ],
55 silly audit   acorn: [ '8.15.0' ],
55 silly audit   'acorn-jsx': [ '5.3.2' ],
55 silly audit   ajv: [ '6.12.6' ],
55 silly audit   'ansi-styles': [ '4.3.0' ],
55 silly audit   argparse: [ '2.0.1' ],
55 silly audit   'aria-query': [ '5.3.2' ],
55 silly audit   'array-buffer-byte-length': [ '1.0.2' ],
55 silly audit   'array-includes': [ '3.1.9' ],
55 silly audit   'array.prototype.findlast': [ '1.2.5' ],
55 silly audit   'array.prototype.findlastindex': [ '1.2.6' ],
55 silly audit   'array.prototype.flat': [ '1.3.3' ],
55 silly audit   'array.prototype.flatmap': [ '1.3.3' ],
55 silly audit   'array.prototype.tosorted': [ '1.1.4' ],
55 silly audit   'arraybuffer.prototype.slice': [ '1.0.4' ],
55 silly audit   'ast-types-flow': [ '0.0.8' ],
55 silly audit   'async-function': [ '1.0.0' ],
55 silly audit   'available-typed-arrays': [ '1.0.7' ],
55 silly audit   'axe-core': [ '4.11.0' ],
55 silly audit   'axobject-query': [ '4.1.0' ],
55 silly audit   'balanced-match': [ '1.0.2' ],
55 silly audit   'baseline-browser-mapping': [ '2.8.21' ],
55 silly audit   braces: [ '3.0.3' ],
55 silly audit   browserslist: [ '4.27.0' ],
55 silly audit   'call-bind': [ '1.0.8' ],
55 silly audit   'call-bind-apply-helpers': [ '1.0.2' ],
55 silly audit   'call-bound': [ '1.0.4' ],
55 silly audit   callsites: [ '3.1.0' ],
55 silly audit   'caniuse-lite': [ '1.0.30001752' ],
55 silly audit   chalk: [ '4.1.2' ],
55 silly audit   'client-only': [ '0.0.1' ],
55 silly audit   'color-convert': [ '2.0.1' ],
55 silly audit   'color-name': [ '1.1.4' ],
55 silly audit   'concat-map': [ '0.0.1' ],
55 silly audit   'convert-source-map': [ '2.0.0' ],
55 silly audit   'cross-spawn': [ '7.0.6' ],
55 silly audit   csstype: [ '3.1.3' ],
55 silly audit   'damerau-levenshtein': [ '1.0.8' ],
55 silly audit   'data-view-buffer': [ '1.0.2' ],
55 silly audit   'data-view-byte-length': [ '1.0.2' ],
55 silly audit   'data-view-byte-offset': [ '1.0.1' ],
55 silly audit   debug: [ '4.4.3', '3.2.7' ],
55 silly audit   'deep-is': [ '0.1.4' ],
55 silly audit   'define-data-property': [ '1.1.4' ],
55 silly audit   'define-properties': [ '1.2.1' ],
55 silly audit   'detect-libc': [ '2.1.2' ],
55 silly audit   doctrine: [ '2.1.0' ],
55 silly audit   'dunder-proto': [ '1.0.1' ],
55 silly audit   'electron-to-chromium': [ '1.5.244' ],
55 silly audit   'emoji-regex': [ '9.2.2' ],
55 silly audit   'enhanced-resolve': [ '5.18.3' ],
55 silly audit   'es-abstract': [ '1.24.0' ],
55 silly audit   'es-define-property': [ '1.0.1' ],
55 silly audit   'es-errors': [ '1.3.0' ],
55 silly audit   'es-iterator-helpers': [ '1.2.1' ],
55 silly audit   'es-object-atoms': [ '1.1.1' ],
55 silly audit   'es-set-tostringtag': [ '2.1.0' ],
55 silly audit   'es-shim-unscopables': [ '1.1.0' ],
55 silly audit   'es-to-primitive': [ '1.3.0' ],
55 silly audit   escalade: [ '3.2.0' ],
55 silly audit   'escape-string-regexp': [ '4.0.0' ],
55 silly audit   eslint: [ '9.38.0' ],
55 silly audit   'eslint-config-next': [ '16.0.1' ],
55 silly audit   globals: [ '16.4.0', '14.0.0' ],
55 silly audit   'eslint-import-resolver-node': [ '0.3.9' ],
55 silly audit   'eslint-import-resolver-typescript': [ '3.10.1' ],
55 silly audit   'eslint-module-utils': [ '2.12.1' ],
55 silly audit   'eslint-plugin-import': [ '2.32.0' ],
55 silly audit   'eslint-plugin-jsx-a11y': [ '6.10.2' ],
55 silly audit   'eslint-plugin-react': [ '7.37.5' ],
55 silly audit   'eslint-plugin-react-hooks': [ '7.0.1' ],
55 silly audit   resolve: [ '2.0.0-next.5', '1.22.11' ],
55 silly audit   'eslint-scope': [ '8.4.0' ],
55 silly audit   espree: [ '10.4.0' ],
55 silly audit   esquery: [ '1.6.0' ],
55 silly audit   esrecurse: [ '4.3.0' ],
55 silly audit   estraverse: [ '5.3.0' ],
55 silly audit   esutils: [ '2.0.3' ],
55 silly audit   'fast-deep-equal': [ '3.1.3' ],
55 silly audit   'fast-json-stable-stringify': [ '2.1.0' ],
55 silly audit   'fast-levenshtein': [ '2.0.6' ],
55 silly audit   fastq: [ '1.19.1' ],
55 silly audit   'file-entry-cache': [ '8.0.0' ],
55 silly audit   'fill-range': [ '7.1.1' ],
55 silly audit   'find-up': [ '5.0.0' ],
55 silly audit   'flat-cache': [ '4.0.1' ],
55 silly audit   flatted: [ '3.3.3' ],
55 silly audit   'for-each': [ '0.3.5' ],
55 silly audit   'function-bind': [ '1.1.2' ],
55 silly audit   'function.prototype.name': [ '1.1.8' ],
55 silly audit   'functions-have-names': [ '1.2.3' ],
55 silly audit   'generator-function': [ '2.0.1' ],
55 silly audit   gensync: [ '1.0.0-beta.2' ],
55 silly audit   'get-intrinsic': [ '1.3.0' ],
55 silly audit   'get-proto': [ '1.0.1' ],
55 silly audit   'get-symbol-description': [ '1.1.0' ],
55 silly audit   'get-tsconfig': [ '4.13.0' ],
55 silly audit   globalthis: [ '1.0.4' ],
55 silly audit   gopd: [ '1.2.0' ],
55 silly audit   'graceful-fs': [ '4.2.11' ],
55 silly audit   graphemer: [ '1.4.0' ],
55 silly audit   'has-bigints': [ '1.1.0' ],
55 silly audit   'has-flag': [ '4.0.0' ],
55 silly audit   'has-property-descriptors': [ '1.0.2' ],
55 silly audit   'has-proto': [ '1.2.0' ],
55 silly audit   'has-symbols': [ '1.1.0' ],
55 silly audit   'has-tostringtag': [ '1.0.2' ],
55 silly audit   hasown: [ '2.0.2' ],
55 silly audit   'hermes-estree': [ '0.25.1' ],
55 silly audit   'hermes-parser': [ '0.25.1' ],
55 silly audit   'import-fresh': [ '3.3.1' ],
55 silly audit   imurmurhash: [ '0.1.4' ],
55 silly audit   'internal-slot': [ '1.1.0' ],
55 silly audit   'is-array-buffer': [ '3.0.5' ],
55 silly audit   'is-async-function': [ '2.1.1' ],
55 silly audit   'is-bigint': [ '1.1.0' ],
55 silly audit   'is-boolean-object': [ '1.2.2' ],
55 silly audit   'is-bun-module': [ '2.0.0' ],
55 silly audit   'is-callable': [ '1.2.7' ],
55 silly audit   'is-core-module': [ '2.16.1' ],
55 silly audit   'is-data-view': [ '1.0.2' ],
55 silly audit   'is-date-object': [ '1.1.0' ],
55 silly audit   'is-extglob': [ '2.1.1' ],
55 silly audit   'is-finalizationregistry': [ '1.1.1' ],
55 silly audit   'is-generator-function': [ '1.1.2' ],
55 silly audit   'is-glob': [ '4.0.3' ],
55 silly audit   'is-map': [ '2.0.3' ],
55 silly audit   'is-negative-zero': [ '2.0.3' ],
55 silly audit   'is-number': [ '7.0.0' ],
55 silly audit   'is-number-object': [ '1.1.1' ],
55 silly audit   'is-regex': [ '1.2.1' ],
55 silly audit   'is-set': [ '2.0.3' ],
55 silly audit   'is-shared-array-buffer': [ '1.0.4' ],
55 silly audit   'is-string': [ '1.1.1' ],
55 silly audit   'is-symbol': [ '1.1.1' ],
55 silly audit   'is-typed-array': [ '1.1.15' ],
55 silly audit   'is-weakmap': [ '2.0.2' ],
55 silly audit   'is-weakref': [ '1.1.1' ],
55 silly audit   'is-weakset': [ '2.0.4' ],
55 silly audit   isarray: [ '2.0.5' ],
55 silly audit   isexe: [ '2.0.0' ],
55 silly audit   'iterator.prototype': [ '1.1.5' ],
55 silly audit   jiti: [ '2.6.1' ],
55 silly audit   'js-tokens': [ '4.0.0' ],
55 silly audit   'js-yaml': [ '4.1.0' ],
55 silly audit   jsesc: [ '3.1.0' ],
55 silly audit   'json-buffer': [ '3.0.1' ],
55 silly audit   'json-schema-traverse': [ '0.4.1' ],
55 silly audit   'json-stable-stringify-without-jsonify': [ '1.0.1' ],
55 silly audit   json5: [ '2.2.3', '1.0.2' ],
55 silly audit   'jsx-ast-utils': [ '3.3.5' ],
55 silly audit   keyv: [ '4.5.4' ],
55 silly audit   'language-subtag-registry': [ '0.3.23' ],
55 silly audit   'language-tags': [ '1.0.9' ],
55 silly audit   levn: [ '0.4.1' ],
55 silly audit   lightningcss: [ '1.30.2' ],
55 silly audit   'lightningcss-android-arm64': [ '1.30.2' ],
55 silly audit   'lightningcss-darwin-arm64': [ '1.30.2' ],
55 silly audit   'lightningcss-darwin-x64': [ '1.30.2' ],
55 silly audit   'lightningcss-freebsd-x64': [ '1.30.2' ],
55 silly audit   'lightningcss-linux-arm-gnueabihf': [ '1.30.2' ],
55 silly audit   'lightningcss-linux-arm64-gnu': [ '1.30.2' ],
55 silly audit   'lightningcss-linux-arm64-musl': [ '1.30.2' ],
55 silly audit   'lightningcss-linux-x64-gnu': [ '1.30.2' ],
55 silly audit   'lightningcss-linux-x64-musl': [ '1.30.2' ],
55 silly audit   'lightningcss-win32-arm64-msvc': [ '1.30.2' ],
55 silly audit   'lightningcss-win32-x64-msvc': [ '1.30.2' ],
55 silly audit   'locate-path': [ '6.0.0' ],
55 silly audit   'lodash.merge': [ '4.6.2' ],
55 silly audit   'loose-envify': [ '1.4.0' ],
55 silly audit   'lru-cache': [ '5.1.1' ],
55 silly audit   'magic-string': [ '0.30.21' ],
55 silly audit   'math-intrinsics': [ '1.1.0' ],
55 silly audit   merge2: [ '1.4.1' ],
55 silly audit   micromatch: [ '4.0.8' ],
55 silly audit   minimist: [ '1.2.8' ],
55 silly audit   ms: [ '2.1.3' ],
55 silly audit   nanoid: [ '3.3.11' ],
55 silly audit   'napi-postinstall': [ '0.3.4' ],
55 silly audit   'natural-compare': [ '1.4.0' ],
55 silly audit   next: [ '16.0.1' ],
55 silly audit   postcss: [ '8.4.31', '8.5.6' ],
55 silly audit   'node-releases': [ '2.0.27' ],
55 silly audit   'object-assign': [ '4.1.1' ],
55 silly audit   'object-inspect': [ '1.13.4' ],
55 silly audit   'object-keys': [ '1.1.1' ],
55 silly audit   'object.assign': [ '4.1.7' ],
55 silly audit   'object.entries': [ '1.1.9' ],
55 silly audit   'object.fromentries': [ '2.0.8' ],
55 silly audit   'object.groupby': [ '1.0.3' ],
55 silly audit   'object.values': [ '1.2.1' ],
55 silly audit   optionator: [ '0.9.4' ],
55 silly audit   'own-keys': [ '1.0.1' ],
55 silly audit   'p-limit': [ '3.1.0' ],
55 silly audit   'p-locate': [ '5.0.0' ],
55 silly audit   'parent-module': [ '1.0.1' ],
55 silly audit   'path-exists': [ '4.0.0' ],
55 silly audit   'path-key': [ '3.1.1' ],
55 silly audit   'path-parse': [ '1.0.7' ],
55 silly audit   picocolors: [ '1.1.1' ],
55 silly audit   picomatch: [ '2.3.1', '4.0.3' ],
55 silly audit   'possible-typed-array-names': [ '1.1.0' ],
55 silly audit   'prelude-ls': [ '1.2.1' ],
55 silly audit   'prop-types': [ '15.8.1' ],
55 silly audit   punycode: [ '2.3.1' ],
55 silly audit   'queue-microtask': [ '1.2.3' ],
55 silly audit   react: [ '19.2.0' ],
55 silly audit   'react-dom': [ '19.2.0' ],
55 silly audit   'react-is': [ '16.13.1' ],
55 silly audit   'reflect.getprototypeof': [ '1.0.10' ],
55 silly audit   'regexp.prototype.flags': [ '1.5.4' ],
55 silly audit   'resolve-from': [ '4.0.0' ],
55 silly audit   'resolve-pkg-maps': [ '1.0.0' ],
55 silly audit   reusify: [ '1.1.0' ],
55 silly audit   'run-parallel': [ '1.2.0' ],
55 silly audit   'safe-array-concat': [ '1.1.3' ],
55 silly audit   'safe-push-apply': [ '1.0.0' ],
55 silly audit   'safe-regex-test': [ '1.1.0' ],
55 silly audit   scheduler: [ '0.27.0' ],
55 silly audit   'set-function-length': [ '1.2.2' ],
55 silly audit   'set-function-name': [ '2.0.2' ],
55 silly audit   'set-proto': [ '1.0.0' ],
55 silly audit   sharp: [ '0.34.4' ],
55 silly audit   'shebang-command': [ '2.0.0' ],
55 silly audit   'shebang-regex': [ '3.0.0' ],
55 silly audit   'side-channel': [ '1.1.0' ],
55 silly audit   'side-channel-list': [ '1.0.0' ],
55 silly audit   'side-channel-map': [ '1.0.1' ],
55 silly audit   'side-channel-weakmap': [ '1.0.2' ],
55 silly audit   'source-map-js': [ '1.2.1' ],
55 silly audit   'stable-hash': [ '0.0.5' ],
55 silly audit   'stop-iteration-iterator': [ '1.1.0' ],
55 silly audit   'string.prototype.includes': [ '2.0.1' ],
55 silly audit   'string.prototype.matchall': [ '4.0.12' ],
55 silly audit   'string.prototype.repeat': [ '1.0.0' ],
55 silly audit   'string.prototype.trim': [ '1.2.10' ],
55 silly audit   'string.prototype.trimend': [ '1.0.9' ],
55 silly audit   'string.prototype.trimstart': [ '1.0.8' ],
55 silly audit   'strip-bom': [ '3.0.0' ],
55 silly audit   'strip-json-comments': [ '3.1.1' ],
55 silly audit   'styled-jsx': [ '5.1.6' ],
55 silly audit   'supports-color': [ '7.2.0' ],
55 silly audit   'supports-preserve-symlinks-flag': [ '1.0.0' ],
55 silly audit   tailwindcss: [ '4.1.16' ],
55 silly audit   tapable: [ '2.3.0' ],
55 silly audit   tinyglobby: [ '0.2.15' ],
55 silly audit   fdir: [ '6.5.0' ],
55 silly audit   'to-regex-range': [ '5.0.1' ],
55 silly audit   'ts-api-utils': [ '2.1.0' ],
55 silly audit   'tsconfig-paths': [ '3.15.0' ],
55 silly audit   tslib: [ '2.8.1' ],
55 silly audit   'type-check': [ '0.4.0' ],
55 silly audit   'typed-array-buffer': [ '1.0.3' ],
55 silly audit   'typed-array-byte-length': [ '1.0.3' ],
55 silly audit   'typed-array-byte-offset': [ '1.0.4' ],
55 silly audit   'typed-array-length': [ '1.0.7' ],
55 silly audit   typescript: [ '5.9.3' ],
55 silly audit   'typescript-eslint': [ '8.46.2' ],
55 silly audit   'unbox-primitive': [ '1.1.0' ],
55 silly audit   'undici-types': [ '6.21.0' ],
55 silly audit   'unrs-resolver': [ '1.11.1' ],
55 silly audit   'update-browserslist-db': [ '1.1.4' ],
55 silly audit   'uri-js': [ '4.4.1' ],
55 silly audit   which: [ '2.0.2' ],
55 silly audit   'which-boxed-primitive': [ '1.1.1' ],
55 silly audit   'which-builtin-type': [ '1.2.1' ],
55 silly audit   'which-collection': [ '1.0.2' ],
55 silly audit   'which-typed-array': [ '1.1.19' ],
55 silly audit   'word-wrap': [ '1.2.5' ],
55 silly audit   yallist: [ '3.1.1' ],
55 silly audit   'yocto-queue': [ '0.1.0' ],
55 silly audit   zod: [ '4.1.12' ],
55 silly audit   'zod-validation-error': [ '4.0.2' ],
55 silly audit   clsx: [ '2.1.1' ],
55 silly audit   'framer-motion': [ '12.23.24' ],
55 silly audit   'lucide-react': [ '0.548.0' ],
55 silly audit   'motion-dom': [ '12.23.23' ],
55 silly audit   'motion-utils': [ '12.23.6' ],
55 silly audit   '@tailwindcss/oxide-wasm32-wasi': [ '4.1.16' ]
55 silly audit }
56 verbose reify failed optional dependency /Users/tharakasenevirathne/darwin-dine/darwin-dine-site/node_modules/lightningcss-win32-x64-msvc
57 silly reify mark deleted [
57 silly reify   '/Users/tharakasenevirathne/darwin-dine/darwin-dine-site/node_modules/lightningcss-win32-x64-msvc'
57 silly reify ]
58 verbose reify failed optional dependency /Users/tharakasenevirathne/darwin-dine/darwin-dine-site/node_modules/lightningcss-win32-arm64-msvc
59 silly reify mark deleted [
59 silly reify   '/Users/tharakasenevirathne/darwin-dine/darwin-dine-site/node_modules/lightningcss-win32-arm64-msvc'
59 silly reify ]
60 verbose reify failed optional dependency /Users/tharakasenevirathne/darwin-dine/darwin-dine-site/node_modules/lightningcss-linux-x64-musl
61 silly reify mark deleted [
61 silly reify   '/Users/tharakasenevirathne/darwin-dine/darwin-dine-site/node_modules/lightningcss-linux-x64-musl'
61 silly reify ]
62 verbose reify failed optional dependency /Users/tharakasenevirathne/darwin-dine/darwin-dine-site/node_modules/lightningcss-linux-x64-gnu
63 silly reify mark deleted [
63 silly reify   '/Users/tharakasenevirathne/darwin-dine/darwin-dine-site/node_modules/lightningcss-linux-x64-gnu'
63 silly reify ]
64 verbose reify failed optional dependency /Users/tharakasenevirathne/darwin-dine/darwin-dine-site/node_modules/lightningcss-linux-arm64-musl
65 silly reify mark deleted [
65 silly reify   '/Users/tharakasenevirathne/darwin-dine/darwin-dine-site/node_modules/lightningcss-linux-arm64-musl'
65 silly reify ]
66 verbose reify failed optional dependency /Users/tharakasenevirathne/darwin-dine/darwin-dine-site/node_modules/lightningcss-linux-arm64-gnu
67 silly reify mark deleted [
67 silly reify   '/Users/tharakasenevirathne/darwin-dine/darwin-dine-site/node_modules/lightningcss-linux-arm64-gnu'
67 silly reify ]
68 verbose reify failed optional dependency /Users/tharakasenevirathne/darwin-dine/darwin-dine-site/node_modules/lightningcss-linux-arm-gnueabihf
69 silly reify mark deleted [
69 silly reify   '/Users/tharakasenevirathne/darwin-dine/darwin-dine-site/node_modules/lightningcss-linux-arm-gnueabihf'
69 silly reify ]
70 verbose reify failed optional dependency /Users/tharakasenevirathne/darwin-dine/darwin-dine-site/node_modules/lightningcss-freebsd-x64
71 silly reify mark deleted [
71 silly reify   '/Users/tharakasenevirathne/darwin-dine/darwin-dine-site/node_modules/lightningcss-freebsd-x64'
71 silly reify ]
72 verbose reify failed optional dependency /Users/tharakasenevirathne/darwin-dine/darwin-dine-site/node_modules/lightningcss-darwin-x64
73 silly reify mark deleted [
73 silly reify   '/Users/tharakasenevirathne/darwin-dine/darwin-dine-site/node_modules/lightningcss-darwin-x64'
73 silly reify ]
74 verbose reify failed optional dependency /Users/tharakasenevirathne/darwin-dine/darwin-dine-site/node_modules/lightningcss-android-arm64
75 silly reify mark deleted [
75 silly reify   '/Users/tharakasenevirathne/darwin-dine/darwin-dine-site/node_modules/lightningcss-android-arm64'
75 silly reify ]
76 verbose reify failed optional dependency /Users/tharakasenevirathne/darwin-dine/darwin-dine-site/node_modules/@unrs/resolver-binding-win32-x64-msvc
77 silly reify mark deleted [
77 silly reify   '/Users/tharakasenevirathne/darwin-dine/darwin-dine-site/node_modules/@unrs/resolver-binding-win32-x64-msvc'
77 silly reify ]
78 verbose reify failed optional dependency /Users/tharakasenevirathne/darwin-dine/darwin-dine-site/node_modules/@unrs/resolver-binding-win32-ia32-msvc
79 silly reify mark deleted [
79 silly reify   '/Users/tharakasenevirathne/darwin-dine/darwin-dine-site/node_modules/@unrs/resolver-binding-win32-ia32-msvc'
79 silly reify ]
80 verbose reify failed optional dependency /Users/tharakasenevirathne/darwin-dine/darwin-dine-site/node_modules/@unrs/resolver-binding-win32-arm64-msvc
81 silly reify mark deleted [
81 silly reify   '/Users/tharakasenevirathne/darwin-dine/darwin-dine-site/node_modules/@unrs/resolver-binding-win32-arm64-msvc'
81 silly reify ]
82 verbose reify failed optional dependency /Users/tharakasenevirathne/darwin-dine/darwin-dine-site/node_modules/@unrs/resolver-binding-wasm32-wasi
83 silly reify mark deleted [
83 silly reify   '/Users/tharakasenevirathne/darwin-dine/darwin-dine-site/node_modules/@unrs/resolver-binding-wasm32-wasi'
83 silly reify ]
84 verbose reify failed optional dependency /Users/tharakasenevirathne/darwin-dine/darwin-dine-site/node_modules/@unrs/resolver-binding-linux-x64-musl
85 silly reify mark deleted [
85 silly reify   '/Users/tharakasenevirathne/darwin-dine/darwin-dine-site/node_modules/@unrs/resolver-binding-linux-x64-musl'
85 silly reify ]
86 verbose reify failed optional dependency /Users/tharakasenevirathne/darwin-dine/darwin-dine-site/node_modules/@unrs/resolver-binding-linux-x64-gnu
87 silly reify mark deleted [
87 silly reify   '/Users/tharakasenevirathne/darwin-dine/darwin-dine-site/node_modules/@unrs/resolver-binding-linux-x64-gnu'
87 silly reify ]
88 verbose reify failed optional dependency /Users/tharakasenevirathne/darwin-dine/darwin-dine-site/node_modules/@unrs/resolver-binding-linux-s390x-gnu
89 silly reify mark deleted [
89 silly reify   '/Users/tharakasenevirathne/darwin-dine/darwin-dine-site/node_modules/@unrs/resolver-binding-linux-s390x-gnu'
89 silly reify ]
90 verbose reify failed optional dependency /Users/tharakasenevirathne/darwin-dine/darwin-dine-site/node_modules/@unrs/resolver-binding-linux-riscv64-musl
91 silly reify mark deleted [
91 silly reify   '/Users/tharakasenevirathne/darwin-dine/darwin-dine-site/node_modules/@unrs/resolver-binding-linux-riscv64-musl'
91 silly reify ]
92 verbose reify failed optional dependency /Users/tharakasenevirathne/darwin-dine/darwin-dine-site/node_modules/@unrs/resolver-binding-linux-riscv64-gnu
93 silly reify mark deleted [
93 silly reify   '/Users/tharakasenevirathne/darwin-dine/darwin-dine-site/node_modules/@unrs/resolver-binding-linux-riscv64-gnu'
93 silly reify ]
94 verbose reify failed optional dependency /Users/tharakasenevirathne/darwin-dine/darwin-dine-site/node_modules/@unrs/resolver-binding-linux-ppc64-gnu
95 silly reify mark deleted [
95 silly reify   '/Users/tharakasenevirathne/darwin-dine/darwin-dine-site/node_modules/@unrs/resolver-binding-linux-ppc64-gnu'
95 silly reify ]
96 verbose reify failed optional dependency /Users/tharakasenevirathne/darwin-dine/darwin-dine-site/node_modules/@unrs/resolver-binding-linux-arm64-musl
97 silly reify mark deleted [
97 silly reify   '/Users/tharakasenevirathne/darwin-dine/darwin-dine-site/node_modules/@unrs/resolver-binding-linux-arm64-musl'
97 silly reify ]
98 verbose reify failed optional dependency /Users/tharakasenevirathne/darwin-dine/darwin-dine-site/node_modules/@unrs/resolver-binding-linux-arm64-gnu
99 silly reify mark deleted [
99 silly reify   '/Users/tharakasenevirathne/darwin-dine/darwin-dine-site/node_modules/@unrs/resolver-binding-linux-arm64-gnu'
99 silly reify ]
100 verbose reify failed optional dependency /Users/tharakasenevirathne/darwin-dine/darwin-dine-site/node_modules/@unrs/resolver-binding-linux-arm-musleabihf
101 silly reify mark deleted [
101 silly reify   '/Users/tharakasenevirathne/darwin-dine/darwin-dine-site/node_modules/@unrs/resolver-binding-linux-arm-musleabihf'
101 silly reify ]
102 verbose reify failed optional dependency /Users/tharakasenevirathne/darwin-dine/darwin-dine-site/node_modules/@unrs/resolver-binding-linux-arm-gnueabihf
103 silly reify mark deleted [
103 silly reify   '/Users/tharakasenevirathne/darwin-dine/darwin-dine-site/node_modules/@unrs/resolver-binding-linux-arm-gnueabihf'
103 silly reify ]
104 verbose reify failed optional dependency /Users/tharakasenevirathne/darwin-dine/darwin-dine-site/node_modules/@unrs/resolver-binding-freebsd-x64
105 silly reify mark deleted [
105 silly reify   '/Users/tharakasenevirathne/darwin-dine/darwin-dine-site/node_modules/@unrs/resolver-binding-freebsd-x64'
105 silly reify ]
106 verbose reify failed optional dependency /Users/tharakasenevirathne/darwin-dine/darwin-dine-site/node_modules/@unrs/resolver-binding-darwin-x64
107 silly reify mark deleted [
107 silly reify   '/Users/tharakasenevirathne/darwin-dine/darwin-dine-site/node_modules/@unrs/resolver-binding-darwin-x64'
107 silly reify ]
108 verbose reify failed optional dependency /Users/tharakasenevirathne/darwin-dine/darwin-dine-site/node_modules/@unrs/resolver-binding-android-arm64
109 silly reify mark deleted [
109 silly reify   '/Users/tharakasenevirathne/darwin-dine/darwin-dine-site/node_modules/@unrs/resolver-binding-android-arm64'
109 silly reify ]
110 verbose reify failed optional dependency /Users/tharakasenevirathne/darwin-dine/darwin-dine-site/node_modules/@unrs/resolver-binding-android-arm-eabi
111 silly reify mark deleted [
111 silly reify   '/Users/tharakasenevirathne/darwin-dine/darwin-dine-site/node_modules/@unrs/resolver-binding-android-arm-eabi'
111 silly reify ]
112 verbose reify failed optional dependency /Users/tharakasenevirathne/darwin-dine/darwin-dine-site/node_modules/@tailwindcss/oxide-win32-x64-msvc
113 silly reify mark deleted [
113 silly reify   '/Users/tharakasenevirathne/darwin-dine/darwin-dine-site/node_modules/@tailwindcss/oxide-win32-x64-msvc'
113 silly reify ]
114 verbose reify failed optional dependency /Users/tharakasenevirathne/darwin-dine/darwin-dine-site/node_modules/@tailwindcss/oxide-win32-arm64-msvc
115 silly reify mark deleted [
115 silly reify   '/Users/tharakasenevirathne/darwin-dine/darwin-dine-site/node_modules/@tailwindcss/oxide-win32-arm64-msvc'
115 silly reify ]
116 verbose reify failed optional dependency /Users/tharakasenevirathne/darwin-dine/darwin-dine-site/node_modules/@tailwindcss/oxide-linux-x64-musl
117 silly reify mark deleted [
117 silly reify   '/Users/tharakasenevirathne/darwin-dine/darwin-dine-site/node_modules/@tailwindcss/oxide-linux-x64-musl'
117 silly reify ]
118 verbose reify failed optional dependency /Users/tharakasenevirathne/darwin-dine/darwin-dine-site/node_modules/@tailwindcss/oxide-linux-x64-gnu
119 silly reify mark deleted [
119 silly reify   '/Users/tharakasenevirathne/darwin-dine/darwin-dine-site/node_modules/@tailwindcss/oxide-linux-x64-gnu'
119 silly reify ]
120 verbose reify failed optional dependency /Users/tharakasenevirathne/darwin-dine/darwin-dine-site/node_modules/@tailwindcss/oxide-linux-arm64-musl
121 silly reify mark deleted [
121 silly reify   '/Users/tharakasenevirathne/darwin-dine/darwin-dine-site/node_modules/@tailwindcss/oxide-linux-arm64-musl'
121 silly reify ]
122 verbose reify failed optional dependency /Users/tharakasenevirathne/darwin-dine/darwin-dine-site/node_modules/@tailwindcss/oxide-linux-arm64-gnu
123 silly reify mark deleted [
123 silly reify   '/Users/tharakasenevirathne/darwin-dine/darwin-dine-site/node_modules/@tailwindcss/oxide-linux-arm64-gnu'
123 silly reify ]
124 verbose reify failed optional dependency /Users/tharakasenevirathne/darwin-dine/darwin-dine-site/node_modules/@tailwindcss/oxide-linux-arm-gnueabihf
125 silly reify mark deleted [
125 silly reify   '/Users/tharakasenevirathne/darwin-dine/darwin-dine-site/node_modules/@tailwindcss/oxide-linux-arm-gnueabihf'
125 silly reify ]
126 verbose reify failed optional dependency /Users/tharakasenevirathne/darwin-dine/darwin-dine-site/node_modules/@tailwindcss/oxide-freebsd-x64
127 silly reify mark deleted [
127 silly reify   '/Users/tharakasenevirathne/darwin-dine/darwin-dine-site/node_modules/@tailwindcss/oxide-freebsd-x64'
127 silly reify ]
128 verbose reify failed optional dependency /Users/tharakasenevirathne/darwin-dine/darwin-dine-site/node_modules/@tailwindcss/oxide-darwin-x64
129 silly reify mark deleted [
129 silly reify   '/Users/tharakasenevirathne/darwin-dine/darwin-dine-site/node_modules/@tailwindcss/oxide-darwin-x64'
129 silly reify ]
130 verbose reify failed optional dependency /Users/tharakasenevirathne/darwin-dine/darwin-dine-site/node_modules/@tailwindcss/oxide-android-arm64
131 silly reify mark deleted [
131 silly reify   '/Users/tharakasenevirathne/darwin-dine/darwin-dine-site/node_modules/@tailwindcss/oxide-android-arm64'
131 silly reify ]
132 verbose reify failed optional dependency /Users/tharakasenevirathne/darwin-dine/darwin-dine-site/node_modules/@next/swc-win32-x64-msvc
133 silly reify mark deleted [
133 silly reify   '/Users/tharakasenevirathne/darwin-dine/darwin-dine-site/node_modules/@next/swc-win32-x64-msvc'
133 silly reify ]
134 verbose reify failed optional dependency /Users/tharakasenevirathne/darwin-dine/darwin-dine-site/node_modules/@next/swc-win32-arm64-msvc
135 silly reify mark deleted [
135 silly reify   '/Users/tharakasenevirathne/darwin-dine/darwin-dine-site/node_modules/@next/swc-win32-arm64-msvc'
135 silly reify ]
136 verbose reify failed optional dependency /Users/tharakasenevirathne/darwin-dine/darwin-dine-site/node_modules/@next/swc-linux-x64-musl
137 silly reify mark deleted [
137 silly reify   '/Users/tharakasenevirathne/darwin-dine/darwin-dine-site/node_modules/@next/swc-linux-x64-musl'
137 silly reify ]
138 verbose reify failed optional dependency /Users/tharakasenevirathne/darwin-dine/darwin-dine-site/node_modules/@next/swc-linux-x64-gnu
139 silly reify mark deleted [
139 silly reify   '/Users/tharakasenevirathne/darwin-dine/darwin-dine-site/node_modules/@next/swc-linux-x64-gnu'
139 silly reify ]
140 verbose reify failed optional dependency /Users/tharakasenevirathne/darwin-dine/darwin-dine-site/node_modules/@next/swc-linux-arm64-musl
141 silly reify mark deleted [
141 silly reify   '/Users/tharakasenevirathne/darwin-dine/darwin-dine-site/node_modules/@next/swc-linux-arm64-musl'
141 silly reify ]
142 verbose reify failed optional dependency /Users/tharakasenevirathne/darwin-dine/darwin-dine-site/node_modules/@next/swc-linux-arm64-gnu
143 silly reify mark deleted [
143 silly reify   '/Users/tharakasenevirathne/darwin-dine/darwin-dine-site/node_modules/@next/swc-linux-arm64-gnu'
143 silly reify ]
144 verbose reify failed optional dependency /Users/tharakasenevirathne/darwin-dine/darwin-dine-site/node_modules/@next/swc-darwin-x64
145 silly reify mark deleted [
145 silly reify   '/Users/tharakasenevirathne/darwin-dine/darwin-dine-site/node_modules/@next/swc-darwin-x64'
145 silly reify ]
146 verbose reify failed optional dependency /Users/tharakasenevirathne/darwin-dine/darwin-dine-site/node_modules/@img/sharp-win32-x64
147 silly reify mark deleted [
147 silly reify   '/Users/tharakasenevirathne/darwin-dine/darwin-dine-site/node_modules/@img/sharp-win32-x64'
147 silly reify ]
148 verbose reify failed optional dependency /Users/tharakasenevirathne/darwin-dine/darwin-dine-site/node_modules/@img/sharp-win32-ia32
149 silly reify mark deleted [
149 silly reify   '/Users/tharakasenevirathne/darwin-dine/darwin-dine-site/node_modules/@img/sharp-win32-ia32'
149 silly reify ]
150 verbose reify failed optional dependency /Users/tharakasenevirathne/darwin-dine/darwin-dine-site/node_modules/@img/sharp-win32-arm64
151 silly reify mark deleted [
151 silly reify   '/Users/tharakasenevirathne/darwin-dine/darwin-dine-site/node_modules/@img/sharp-win32-arm64'
151 silly reify ]
152 verbose reify failed optional dependency /Users/tharakasenevirathne/darwin-dine/darwin-dine-site/node_modules/@img/sharp-wasm32
153 silly reify mark deleted [
153 silly reify   '/Users/tharakasenevirathne/darwin-dine/darwin-dine-site/node_modules/@img/sharp-wasm32'
153 silly reify ]
154 verbose reify failed optional dependency /Users/tharakasenevirathne/darwin-dine/darwin-dine-site/node_modules/@img/sharp-linuxmusl-x64
155 silly reify mark deleted [
155 silly reify   '/Users/tharakasenevirathne/darwin-dine/darwin-dine-site/node_modules/@img/sharp-linuxmusl-x64'
155 silly reify ]
156 verbose reify failed optional dependency /Users/tharakasenevirathne/darwin-dine/darwin-dine-site/node_modules/@img/sharp-linuxmusl-arm64
157 silly reify mark deleted [
157 silly reify   '/Users/tharakasenevirathne/darwin-dine/darwin-dine-site/node_modules/@img/sharp-linuxmusl-arm64'
157 silly reify ]
158 verbose reify failed optional dependency /Users/tharakasenevirathne/darwin-dine/darwin-dine-site/node_modules/@img/sharp-linux-x64
159 silly reify mark deleted [
159 silly reify   '/Users/tharakasenevirathne/darwin-dine/darwin-dine-site/node_modules/@img/sharp-linux-x64'
159 silly reify ]
160 verbose reify failed optional dependency /Users/tharakasenevirathne/darwin-dine/darwin-dine-site/node_modules/@img/sharp-linux-s390x
161 silly reify mark deleted [
161 silly reify   '/Users/tharakasenevirathne/darwin-dine/darwin-dine-site/node_modules/@img/sharp-linux-s390x'
161 silly reify ]
162 verbose reify failed optional dependency /Users/tharakasenevirathne/darwin-dine/darwin-dine-site/node_modules/@img/sharp-linux-ppc64
163 silly reify mark deleted [
163 silly reify   '/Users/tharakasenevirathne/darwin-dine/darwin-dine-site/node_modules/@img/sharp-linux-ppc64'
163 silly reify ]
164 verbose reify failed optional dependency /Users/tharakasenevirathne/darwin-dine/darwin-dine-site/node_modules/@img/sharp-linux-arm64
165 silly reify mark deleted [
165 silly reify   '/Users/tharakasenevirathne/darwin-dine/darwin-dine-site/node_modules/@img/sharp-linux-arm64'
165 silly reify ]
166 verbose reify failed optional dependency /Users/tharakasenevirathne/darwin-dine/darwin-dine-site/node_modules/@img/sharp-linux-arm
167 silly reify mark deleted [
167 silly reify   '/Users/tharakasenevirathne/darwin-dine/darwin-dine-site/node_modules/@img/sharp-linux-arm'
167 silly reify ]
168 verbose reify failed optional dependency /Users/tharakasenevirathne/darwin-dine/darwin-dine-site/node_modules/@img/sharp-libvips-linuxmusl-x64
169 silly reify mark deleted [
169 silly reify   '/Users/tharakasenevirathne/darwin-dine/darwin-dine-site/node_modules/@img/sharp-libvips-linuxmusl-x64'
169 silly reify ]
170 verbose reify failed optional dependency /Users/tharakasenevirathne/darwin-dine/darwin-dine-site/node_modules/@img/sharp-libvips-linuxmusl-arm64
171 silly reify mark deleted [
171 silly reify   '/Users/tharakasenevirathne/darwin-dine/darwin-dine-site/node_modules/@img/sharp-libvips-linuxmusl-arm64'
171 silly reify ]
172 verbose reify failed optional dependency /Users/tharakasenevirathne/darwin-dine/darwin-dine-site/node_modules/@img/sharp-libvips-linux-x64
173 silly reify mark deleted [
173 silly reify   '/Users/tharakasenevirathne/darwin-dine/darwin-dine-site/node_modules/@img/sharp-libvips-linux-x64'
173 silly reify ]
174 verbose reify failed optional dependency /Users/tharakasenevirathne/darwin-dine/darwin-dine-site/node_modules/@img/sharp-libvips-linux-s390x
175 silly reify mark deleted [
175 silly reify   '/Users/tharakasenevirathne/darwin-dine/darwin-dine-site/node_modules/@img/sharp-libvips-linux-s390x'
175 silly reify ]
176 verbose reify failed optional dependency /Users/tharakasenevirathne/darwin-dine/darwin-dine-site/node_modules/@img/sharp-libvips-linux-ppc64
177 silly reify mark deleted [
177 silly reify   '/Users/tharakasenevirathne/darwin-dine/darwin-dine-site/node_modules/@img/sharp-libvips-linux-ppc64'
177 silly reify ]
178 verbose reify failed optional dependency /Users/tharakasenevirathne/darwin-dine/darwin-dine-site/node_modules/@img/sharp-libvips-linux-arm64
179 silly reify mark deleted [
179 silly reify   '/Users/tharakasenevirathne/darwin-dine/darwin-dine-site/node_modules/@img/sharp-libvips-linux-arm64'
179 silly reify ]
180 verbose reify failed optional dependency /Users/tharakasenevirathne/darwin-dine/darwin-dine-site/node_modules/@img/sharp-libvips-linux-arm
181 silly reify mark deleted [
181 silly reify   '/Users/tharakasenevirathne/darwin-dine/darwin-dine-site/node_modules/@img/sharp-libvips-linux-arm'
181 silly reify ]
182 verbose reify failed optional dependency /Users/tharakasenevirathne/darwin-dine/darwin-dine-site/node_modules/@img/sharp-libvips-darwin-x64
183 silly reify mark deleted [
183 silly reify   '/Users/tharakasenevirathne/darwin-dine/darwin-dine-site/node_modules/@img/sharp-libvips-darwin-x64'
183 silly reify ]
184 verbose reify failed optional dependency /Users/tharakasenevirathne/darwin-dine/darwin-dine-site/node_modules/@img/sharp-darwin-x64
185 silly reify mark deleted [
185 silly reify   '/Users/tharakasenevirathne/darwin-dine/darwin-dine-site/node_modules/@img/sharp-darwin-x64'
185 silly reify ]
186 http cache motion-dom@https://registry.npmjs.org/motion-dom/-/motion-dom-12.23.23.tgz 0ms (cache hit)
187 http cache lucide-react@https://registry.npmjs.org/lucide-react/-/lucide-react-0.548.0.tgz 0ms (cache hit)
188 silly tarball no local data for motion-dom@https://registry.npmjs.org/motion-dom/-/motion-dom-12.23.23.tgz. Extracting by manifest.
189 silly tarball no local data for lucide-react@https://registry.npmjs.org/lucide-react/-/lucide-react-0.548.0.tgz. Extracting by manifest.
190 http cache framer-motion@https://registry.npmjs.org/framer-motion/-/framer-motion-12.23.24.tgz 0ms (cache hit)
191 http cache motion-utils@https://registry.npmjs.org/motion-utils/-/motion-utils-12.23.6.tgz 0ms (cache hit)
192 http cache clsx@https://registry.npmjs.org/clsx/-/clsx-2.1.1.tgz 0ms (cache hit)
193 silly tarball no local data for framer-motion@https://registry.npmjs.org/framer-motion/-/framer-motion-12.23.24.tgz. Extracting by manifest.
194 silly tarball no local data for motion-utils@https://registry.npmjs.org/motion-utils/-/motion-utils-12.23.6.tgz. Extracting by manifest.
195 silly tarball no local data for clsx@https://registry.npmjs.org/clsx/-/clsx-2.1.1.tgz. Extracting by manifest.
196 http fetch GET 200 https://registry.npmjs.org/motion-dom/-/motion-dom-12.23.23.tgz 223ms (cache miss)
197 http fetch GET 200 https://registry.npmjs.org/clsx/-/clsx-2.1.1.tgz 468ms (cache miss)
198 http fetch GET 200 https://registry.npmjs.org/motion-utils/-/motion-utils-12.23.6.tgz 472ms (cache miss)
199 http fetch POST 200 https://registry.npmjs.org/-/npm/v1/security/advisories/bulk 521ms
200 silly audit report {}
201 http fetch GET 200 https://registry.npmjs.org/framer-motion/-/framer-motion-12.23.24.tgz 922ms (cache miss)
202 http fetch GET 200 https://registry.npmjs.org/lucide-react/-/lucide-react-0.548.0.tgz 1753ms (cache miss)
203 silly ADD node_modules/motion-utils
204 silly ADD node_modules/motion-dom
205 silly ADD node_modules/lucide-react
206 silly ADD node_modules/framer-motion
207 silly ADD node_modules/clsx
208 silly ADD
209 silly ADD
210 silly ADD
211 silly ADD
212 silly ADD
213 silly ADD
214 silly ADD
215 silly ADD
216 silly ADD
217 silly ADD
218 silly ADD
219 silly ADD
220 silly ADD
221 silly ADD
222 silly ADD
223 silly ADD
224 silly ADD
225 silly ADD
226 silly ADD
227 silly ADD
228 silly ADD
229 silly ADD
230 silly ADD
231 silly ADD
232 silly ADD
233 silly ADD
234 silly ADD
235 silly ADD
236 silly ADD
237 silly ADD
238 silly ADD
239 silly ADD
240 silly ADD
241 silly ADD
242 silly ADD
243 silly ADD
244 silly ADD
245 silly ADD
246 silly ADD
247 silly ADD
248 silly ADD
249 silly ADD
250 silly ADD
251 silly ADD
252 silly ADD
253 silly ADD
254 silly ADD
255 silly ADD
256 silly ADD
257 silly ADD
258 silly ADD
259 silly ADD
260 silly ADD
261 silly ADD
262 silly ADD
263 silly ADD
264 silly ADD
265 silly ADD
266 silly ADD
267 silly ADD
268 silly ADD
269 silly ADD
270 silly ADD
271 silly ADD
272 silly ADD
273 silly ADD
274 verbose cwd /Users/tharakasenevirathne/darwin-dine/darwin-dine-site
275 verbose os Darwin 25.0.0
276 verbose node v22.14.0
277 verbose npm  v11.2.0
278 notice
278 notice New minor version of npm available! 11.2.0 -> 11.6.2
278 notice Changelog: https://github.com/npm/cli/releases/tag/v11.6.2
278 notice To update run: npm install -g npm@11.6.2
278 notice  { force: true, [Symbol(proc-log.meta)]: true }
279 verbose exit 0
280 info ok
