0 verbose cli /Users/tharakasenevirathne/.nvm/versions/node/v22.14.0/bin/node /Users/tharakasenevirathne/.nvm/versions/node/v22.14.0/lib/node_modules/npm/bin/npm-cli.js
1 info using npm@11.2.0
2 info using node@v22.14.0
3 silly config load:file:/Users/tharakasenevirathne/.nvm/versions/node/v22.14.0/lib/node_modules/npm/npmrc
4 silly config load:file:/Users/tharakasenevirathne/darwin-dine/.npmrc
5 silly config load:file:/Users/tharakasenevirathne/.npmrc
6 silly config load:file:/Users/tharakasenevirathne/.nvm/versions/node/v22.14.0/etc/npmrc
7 verbose title npm exec create-next-app@latest darwin-dine-site --typescript --eslint --tailwind --app --src-dir --import-alias @/*
8 verbose argv "exec" "--yes" "--" "create-next-app@latest" "darwin-dine-site" "--typescript" "--eslint" "--tailwind" "--app" "--src-dir" "--import-alias" "@/*"
9 verbose logfile logs-max:10 dir:/Users/tharakasenevirathne/darwin-dine/.npm-cache/_logs/2025-10-31T04_57_33_519Z-
10 verbose logfile /Users/tharakasenevirathne/darwin-dine/.npm-cache/_logs/2025-10-31T04_57_33_519Z-debug-0.log
11 silly logfile done cleaning log files
12 silly packumentCache heap:4345298944 maxSize:1086324736 maxEntrySize:543162368
13 http fetch GET 200 https://registry.npmjs.org/create-next-app 1778ms (cache miss)
14 silly packumentCache heap:4345298944 maxSize:1086324736 maxEntrySize:543162368
15 silly packumentCache heap:4345298944 maxSize:1086324736 maxEntrySize:543162368
16 silly idealTree buildDeps
17 silly fetch manifest create-next-app@16.0.1
18 silly packumentCache full:https://registry.npmjs.org/create-next-app cache-miss
19 http fetch GET 200 https://registry.npmjs.org/create-next-app 1530ms (cache miss)
20 silly packumentCache full:https://registry.npmjs.org/create-next-app set size:undefined disposed:false
21 silly placeDep ROOT create-next-app@16.0.1 OK for:  want: 16.0.1
22 silly reify moves {}
23 silly audit bulk request { 'create-next-app': [ '16.0.1' ] }
24 http cache create-next-app@https://registry.npmjs.org/create-next-app/-/create-next-app-16.0.1.tgz 0ms (cache hit)
25 silly tarball no local data for create-next-app@https://registry.npmjs.org/create-next-app/-/create-next-app-16.0.1.tgz. Extracting by manifest.
26 http fetch POST 200 https://registry.npmjs.org/-/npm/v1/security/advisories/bulk 436ms
27 silly audit report {}
28 http fetch GET 200 https://registry.npmjs.org/create-next-app/-/create-next-app-16.0.1.tgz 438ms (cache miss)
29 verbose cwd /Users/tharakasenevirathne/darwin-dine
30 verbose os Darwin 25.0.0
31 verbose node v22.14.0
32 verbose npm  v11.2.0
33 verbose exit 0
34 info ok
